# JRE version: OpenJDK Runtime Environment (11.0.15) (build 11.0.15+0-b2043.56-9505619)
# Java VM: OpenJDK 64-Bit Server VM (11.0.15+0-b2043.56-9505619, mixed mode, tiered, compressed oops, g1 gc, windows-amd64)
Heap:
 garbage-first heap   total 524288K, used 131311K [0x0000000080000000, 0x0000000100000000)
  region size 1024K, 65 young (66560K), 22 survivors (22528K)
 Metaspace       used 85736K, capacity 88445K, committed 88604K, reserved 1126400K
  class space    used 11183K, capacity 12203K, committed 12236K, reserved 1048576K
GC Heap History (16 events):
Event: 0.425 GC heap before
{Heap before GC invocations=0 (full 0):
 garbage-first heap   total 524288K, used 30720K [0x0000000080000000, 0x0000000100000000)
  region size 1024K, 25 young (25600K), 0 survivors (0K)
 Metaspace       used 9809K, capacity 10032K, committed 10368K, reserved 1058816K
  class space    used 1000K, capacity 1069K, committed 1152K, reserved 1048576K
}
Event: 0.428 GC heap after
{Heap after GC invocations=1 (full 0):
 garbage-first heap   total 524288K, used 9250K [0x0000000080000000, 0x0000000100000000)
  region size 1024K, 4 young (4096K), 4 survivors (4096K)
 Metaspace       used 9809K, capacity 10032K, committed 10368K, reserved 1058816K
  class space    used 1000K, capacity 1069K, committed 1152K, reserved 1048576K
}
Event: 1.535 GC heap before
{Heap before GC invocations=1 (full 0):
 garbage-first heap   total 524288K, used 105506K [0x0000000080000000, 0x0000000100000000)
  region size 1024K, 99 young (101376K), 4 survivors (4096K)
 Metaspace       used 20769K, capacity 21147K, committed 21296K, reserved 1069056K
  class space    used 2500K, capacity 2646K, committed 2688K, reserved 1048576K
}
Event: 1.544 GC heap after
{Heap after GC invocations=2 (full 0):
 garbage-first heap   total 524288K, used 17002K [0x0000000080000000, 0x0000000100000000)
  region size 1024K, 12 young (12288K), 12 survivors (12288K)
 Metaspace       used 20769K, capacity 21147K, committed 21296K, reserved 1069056K
  class space    used 2500K, capacity 2646K, committed 2688K, reserved 1048576K
}
Event: 2.008 GC heap before
{Heap before GC invocations=3 (full 0):
 garbage-first heap   total 524288K, used 80490K [0x0000000080000000, 0x0000000100000000)
  region size 1024K, 75 young (76800K), 12 survivors (12288K)
 Metaspace       used 27091K, capacity 27737K, committed 27952K, reserved 1073152K
  class space    used 3490K, capacity 3704K, committed 3712K, reserved 1048576K
}
Event: 2.012 GC heap after
{Heap after GC invocations=4 (full 0):
 garbage-first heap   total 524288K, used 19445K [0x0000000080000000, 0x0000000100000000)
  region size 1024K, 3 young (3072K), 3 survivors (3072K)
 Metaspace       used 27091K, capacity 27737K, committed 27952K, reserved 1073152K
  class space    used 3490K, capacity 3704K, committed 3712K, reserved 1048576K
}
Event: 2.545 GC heap before
{Heap before GC invocations=4 (full 0):
 garbage-first heap   total 524288K, used 75765K [0x0000000080000000, 0x0000000100000000)
  region size 1024K, 59 young (60416K), 3 survivors (3072K)
 Metaspace       used 35040K, capacity 35857K, committed 35920K, reserved 1081344K
  class space    used 4505K, capacity 4837K, committed 4864K, reserved 1048576K
}
Event: 2.549 GC heap after
{Heap after GC invocations=5 (full 0):
 garbage-first heap   total 524288K, used 22161K [0x0000000080000000, 0x0000000100000000)
  region size 1024K, 6 young (6144K), 6 survivors (6144K)
 Metaspace       used 35040K, capacity 35857K, committed 35920K, reserved 1081344K
  class space    used 4505K, capacity 4837K, committed 4864K, reserved 1048576K
}
Event: 3.568 GC heap before
{Heap before GC invocations=6 (full 0):
 garbage-first heap   total 524288K, used 136849K [0x0000000080000000, 0x0000000100000000)
  region size 1024K, 115 young (117760K), 6 survivors (6144K)
 Metaspace       used 44784K, capacity 45794K, committed 46108K, reserved 1089536K
  class space    used 5619K, capacity 6000K, committed 6092K, reserved 1048576K
}
Event: 3.572 GC heap after
{Heap after GC invocations=7 (full 0):
 garbage-first heap   total 524288K, used 30380K [0x0000000080000000, 0x0000000100000000)
  region size 1024K, 14 young (14336K), 14 survivors (14336K)
 Metaspace       used 44784K, capacity 45794K, committed 46108K, reserved 1089536K
  class space    used 5619K, capacity 6000K, committed 6092K, reserved 1048576K
}
Event: 5.278 GC heap before
{Heap before GC invocations=7 (full 0):
 garbage-first heap   total 524288K, used 210604K [0x0000000080000000, 0x0000000100000000)
  region size 1024K, 187 young (191488K), 14 survivors (14336K)
 Metaspace       used 58814K, capacity 60263K, committed 60316K, reserved 1101824K
  class space    used 7413K, capacity 7974K, committed 8012K, reserved 1048576K
}
Event: 5.295 GC heap after
{Heap after GC invocations=8 (full 0):
 garbage-first heap   total 524288K, used 45269K [0x0000000080000000, 0x0000000100000000)
  region size 1024K, 24 young (24576K), 24 survivors (24576K)
 Metaspace       used 58814K, capacity 60263K, committed 60316K, reserved 1101824K
  class space    used 7413K, capacity 7974K, committed 8012K, reserved 1048576K
}
Event: 7.597 GC heap before
{Heap before GC invocations=9 (full 0):
 garbage-first heap   total 524288K, used 342229K [0x0000000080000000, 0x0000000100000000)
  region size 1024K, 307 young (314368K), 24 survivors (24576K)
 Metaspace       used 80199K, capacity 82104K, committed 82460K, reserved 1120256K
  class space    used 10391K, capacity 11096K, committed 11212K, reserved 1048576K
}
Event: 7.610 GC heap after
{Heap after GC invocations=10 (full 0):
 garbage-first heap   total 524288K, used 65866K [0x0000000080000000, 0x0000000100000000)
  region size 1024K, 39 young (39936K), 39 survivors (39936K)
 Metaspace       used 80199K, capacity 82104K, committed 82460K, reserved 1120256K
  class space    used 10391K, capacity 11096K, committed 11212K, reserved 1048576K
}
Event: 9.206 GC heap before
{Heap before GC invocations=10 (full 0):
 garbage-first heap   total 524288K, used 339274K [0x0000000080000000, 0x0000000100000000)
  region size 1024K, 307 young (314368K), 39 survivors (39936K)
 Metaspace       used 84575K, capacity 87207K, committed 87452K, reserved 1124352K
  class space    used 11049K, capacity 12036K, committed 12108K, reserved 1048576K
}
Event: 9.221 GC heap after
{Heap after GC invocations=11 (full 0):
 garbage-first heap   total 524288K, used 88303K [0x0000000080000000, 0x0000000100000000)
  region size 1024K, 22 young (22528K), 22 survivors (22528K)
 Metaspace       used 84575K, capacity 87207K, committed 87452K, reserved 1124352K
  class space    used 11049K, capacity 12036K, committed 12108K, reserved 1048576K
}

